2023-08-04T10:00:25,401 - CPUUtilization.Percent:0.0|#Level:Host|#hostname:77f6adad2e94,timestamp:1691143225
2023-08-04T10:00:25,404 - DiskAvailable.Gigabytes:284.172664642334|#Level:Host|#hostname:77f6adad2e94,timestamp:1691143225
2023-08-04T10:00:25,404 - DiskUsage.Gigabytes:181.87873077392578|#Level:Host|#hostname:77f6adad2e94,timestamp:1691143225
2023-08-04T10:00:25,405 - DiskUtilization.Percent:39.0|#Level:Host|#hostname:77f6adad2e94,timestamp:1691143225
2023-08-04T10:00:25,405 - GPUMemoryUtilization.Percent:14.973958333333334|#Level:Host,DeviceId:0|#hostname:77f6adad2e94,timestamp:1691143225
2023-08-04T10:00:25,405 - GPUMemoryUsed.Megabytes:920.0|#Level:Host,DeviceId:0|#hostname:77f6adad2e94,timestamp:1691143225
2023-08-04T10:00:25,406 - GPUUtilization.Percent:0.0|#Level:Host,DeviceId:0|#hostname:77f6adad2e94,timestamp:1691143225
2023-08-04T10:00:25,406 - MemoryAvailable.Megabytes:11650.73828125|#Level:Host|#hostname:77f6adad2e94,timestamp:1691143225
2023-08-04T10:00:25,406 - MemoryUsed.Megabytes:3810.03125|#Level:Host|#hostname:77f6adad2e94,timestamp:1691143225
2023-08-04T10:00:25,406 - MemoryUtilization.Percent:26.4|#Level:Host|#hostname:77f6adad2e94,timestamp:1691143225
2023-08-04T10:00:26,954 - WorkerLoadTime.Milliseconds:2771.0|#WorkerName:W-9000-face-car-plate-window_0.8,Level:Host|#hostname:77f6adad2e94,timestamp:1691143226
2023-08-04T10:00:26,955 - WorkerThreadTime.Milliseconds:25.0|#Level:Host|#hostname:77f6adad2e94,timestamp:1691143226
2023-08-04T10:00:31,286 - Requests2XX.Count:1.0|#Level:Host|#hostname:77f6adad2e94,timestamp:1691143231
2023-08-04T10:01:25,152 - CPUUtilization.Percent:33.3|#Level:Host|#hostname:77f6adad2e94,timestamp:1691143285
2023-08-04T10:01:25,152 - DiskAvailable.Gigabytes:284.1752166748047|#Level:Host|#hostname:77f6adad2e94,timestamp:1691143285
2023-08-04T10:01:25,153 - DiskUsage.Gigabytes:181.87617874145508|#Level:Host|#hostname:77f6adad2e94,timestamp:1691143285
2023-08-04T10:01:25,153 - DiskUtilization.Percent:39.0|#Level:Host|#hostname:77f6adad2e94,timestamp:1691143285
2023-08-04T10:01:25,153 - GPUMemoryUtilization.Percent:17.594401041666668|#Level:Host,DeviceId:0|#hostname:77f6adad2e94,timestamp:1691143285
2023-08-04T10:01:25,153 - GPUMemoryUsed.Megabytes:1081.0|#Level:Host,DeviceId:0|#hostname:77f6adad2e94,timestamp:1691143285
2023-08-04T10:01:25,153 - GPUUtilization.Percent:0.0|#Level:Host,DeviceId:0|#hostname:77f6adad2e94,timestamp:1691143285
2023-08-04T10:01:25,153 - MemoryAvailable.Megabytes:11384.26953125|#Level:Host|#hostname:77f6adad2e94,timestamp:1691143285
2023-08-04T10:01:25,154 - MemoryUsed.Megabytes:4029.94140625|#Level:Host|#hostname:77f6adad2e94,timestamp:1691143285
2023-08-04T10:01:25,154 - MemoryUtilization.Percent:28.1|#Level:Host|#hostname:77f6adad2e94,timestamp:1691143285
2023-08-04T10:01:35,675 - Requests4XX.Count:1.0|#Level:Host|#hostname:77f6adad2e94,timestamp:1691143295
2023-08-04T10:01:49,178 - ts_inference_requests_total.Count:1.0|#model_name:face-car-plate-window,model_version:default|#hostname:77f6adad2e94,timestamp:1691143309
2023-08-04T10:01:50,347 - Requests2XX.Count:1.0|#Level:Host|#hostname:77f6adad2e94,timestamp:1691143310
2023-08-04T10:01:50,348 - ts_inference_latency_microseconds.Microseconds:1168150.773|#model_name:face-car-plate-window,model_version:default|#hostname:77f6adad2e94,timestamp:1691143310
2023-08-04T10:01:50,348 - ts_queue_latency_microseconds.Microseconds:211.404|#model_name:face-car-plate-window,model_version:default|#hostname:77f6adad2e94,timestamp:1691143310
2023-08-04T10:01:50,348 - QueueTime.Milliseconds:0.0|#Level:Host|#hostname:77f6adad2e94,timestamp:1691143310
2023-08-04T10:01:50,349 - WorkerThreadTime.Milliseconds:3.0|#Level:Host|#hostname:77f6adad2e94,timestamp:1691143310
2023-08-04T10:02:25,077 - CPUUtilization.Percent:0.0|#Level:Host|#hostname:77f6adad2e94,timestamp:1691143345
2023-08-04T10:02:25,077 - DiskAvailable.Gigabytes:284.17405700683594|#Level:Host|#hostname:77f6adad2e94,timestamp:1691143345
2023-08-04T10:02:25,077 - DiskUsage.Gigabytes:181.87733840942383|#Level:Host|#hostname:77f6adad2e94,timestamp:1691143345
2023-08-04T10:02:25,078 - DiskUtilization.Percent:39.0|#Level:Host|#hostname:77f6adad2e94,timestamp:1691143345
2023-08-04T10:02:25,078 - GPUMemoryUtilization.Percent:20.3125|#Level:Host,DeviceId:0|#hostname:77f6adad2e94,timestamp:1691143345
2023-08-04T10:02:25,078 - GPUMemoryUsed.Megabytes:1248.0|#Level:Host,DeviceId:0|#hostname:77f6adad2e94,timestamp:1691143345
2023-08-04T10:02:25,078 - GPUUtilization.Percent:0.0|#Level:Host,DeviceId:0|#hostname:77f6adad2e94,timestamp:1691143345
2023-08-04T10:02:25,078 - MemoryAvailable.Megabytes:11091.1640625|#Level:Host|#hostname:77f6adad2e94,timestamp:1691143345
2023-08-04T10:02:25,078 - MemoryUsed.Megabytes:4356.5234375|#Level:Host|#hostname:77f6adad2e94,timestamp:1691143345
2023-08-04T10:02:25,079 - MemoryUtilization.Percent:30.0|#Level:Host|#hostname:77f6adad2e94,timestamp:1691143345
2023-08-04T10:03:25,087 - CPUUtilization.Percent:0.0|#Level:Host|#hostname:77f6adad2e94,timestamp:1691143405
2023-08-04T10:03:25,088 - DiskAvailable.Gigabytes:284.1740531921387|#Level:Host|#hostname:77f6adad2e94,timestamp:1691143405
2023-08-04T10:03:25,088 - DiskUsage.Gigabytes:181.8773422241211|#Level:Host|#hostname:77f6adad2e94,timestamp:1691143405
2023-08-04T10:03:25,088 - DiskUtilization.Percent:39.0|#Level:Host|#hostname:77f6adad2e94,timestamp:1691143405
2023-08-04T10:03:25,088 - GPUMemoryUtilization.Percent:20.182291666666668|#Level:Host,DeviceId:0|#hostname:77f6adad2e94,timestamp:1691143405
2023-08-04T10:03:25,089 - GPUMemoryUsed.Megabytes:1240.0|#Level:Host,DeviceId:0|#hostname:77f6adad2e94,timestamp:1691143405
2023-08-04T10:03:25,089 - GPUUtilization.Percent:1.0|#Level:Host,DeviceId:0|#hostname:77f6adad2e94,timestamp:1691143405
2023-08-04T10:03:25,089 - MemoryAvailable.Megabytes:11109.93359375|#Level:Host|#hostname:77f6adad2e94,timestamp:1691143405
2023-08-04T10:03:25,089 - MemoryUsed.Megabytes:4342.24609375|#Level:Host|#hostname:77f6adad2e94,timestamp:1691143405
2023-08-04T10:03:25,089 - MemoryUtilization.Percent:29.9|#Level:Host|#hostname:77f6adad2e94,timestamp:1691143405
2023-08-04T10:04:25,013 - CPUUtilization.Percent:25.0|#Level:Host|#hostname:77f6adad2e94,timestamp:1691143465
2023-08-04T10:04:25,013 - DiskAvailable.Gigabytes:284.1740379333496|#Level:Host|#hostname:77f6adad2e94,timestamp:1691143465
2023-08-04T10:04:25,013 - DiskUsage.Gigabytes:181.87735748291016|#Level:Host|#hostname:77f6adad2e94,timestamp:1691143465
2023-08-04T10:04:25,014 - DiskUtilization.Percent:39.0|#Level:Host|#hostname:77f6adad2e94,timestamp:1691143465
2023-08-04T10:04:25,014 - GPUMemoryUtilization.Percent:20.003255208333332|#Level:Host,DeviceId:0|#hostname:77f6adad2e94,timestamp:1691143465
2023-08-04T10:04:25,014 - GPUMemoryUsed.Megabytes:1229.0|#Level:Host,DeviceId:0|#hostname:77f6adad2e94,timestamp:1691143465
2023-08-04T10:04:25,014 - GPUUtilization.Percent:0.0|#Level:Host,DeviceId:0|#hostname:77f6adad2e94,timestamp:1691143465
2023-08-04T10:04:25,014 - MemoryAvailable.Megabytes:11087.89453125|#Level:Host|#hostname:77f6adad2e94,timestamp:1691143465
2023-08-04T10:04:25,014 - MemoryUsed.Megabytes:4361.33984375|#Level:Host|#hostname:77f6adad2e94,timestamp:1691143465
2023-08-04T10:04:25,014 - MemoryUtilization.Percent:30.0|#Level:Host|#hostname:77f6adad2e94,timestamp:1691143465
2023-08-04T10:05:25,113 - CPUUtilization.Percent:0.0|#Level:Host|#hostname:77f6adad2e94,timestamp:1691143525
2023-08-04T10:05:25,114 - DiskAvailable.Gigabytes:284.19153594970703|#Level:Host|#hostname:77f6adad2e94,timestamp:1691143525
2023-08-04T10:05:25,114 - DiskUsage.Gigabytes:181.85985946655273|#Level:Host|#hostname:77f6adad2e94,timestamp:1691143525
2023-08-04T10:05:25,114 - DiskUtilization.Percent:39.0|#Level:Host|#hostname:77f6adad2e94,timestamp:1691143525
2023-08-04T10:05:25,115 - GPUMemoryUtilization.Percent:20.686848958333332|#Level:Host,DeviceId:0|#hostname:77f6adad2e94,timestamp:1691143525
2023-08-04T10:05:25,115 - GPUMemoryUsed.Megabytes:1271.0|#Level:Host,DeviceId:0|#hostname:77f6adad2e94,timestamp:1691143525
2023-08-04T10:05:25,115 - GPUUtilization.Percent:62.0|#Level:Host,DeviceId:0|#hostname:77f6adad2e94,timestamp:1691143525
2023-08-04T10:05:25,115 - MemoryAvailable.Megabytes:10904.578125|#Level:Host|#hostname:77f6adad2e94,timestamp:1691143525
2023-08-04T10:05:25,115 - MemoryUsed.Megabytes:4514.66015625|#Level:Host|#hostname:77f6adad2e94,timestamp:1691143525
2023-08-04T10:05:25,116 - MemoryUtilization.Percent:31.2|#Level:Host|#hostname:77f6adad2e94,timestamp:1691143525
2023-08-04T10:06:25,080 - CPUUtilization.Percent:0.0|#Level:Host|#hostname:77f6adad2e94,timestamp:1691143585
2023-08-04T10:06:25,081 - DiskAvailable.Gigabytes:284.18818283081055|#Level:Host|#hostname:77f6adad2e94,timestamp:1691143585
2023-08-04T10:06:25,081 - DiskUsage.Gigabytes:181.86321258544922|#Level:Host|#hostname:77f6adad2e94,timestamp:1691143585
2023-08-04T10:06:25,081 - DiskUtilization.Percent:39.0|#Level:Host|#hostname:77f6adad2e94,timestamp:1691143585
2023-08-04T10:06:25,081 - GPUMemoryUtilization.Percent:20.035807291666668|#Level:Host,DeviceId:0|#hostname:77f6adad2e94,timestamp:1691143585
2023-08-04T10:06:25,081 - GPUMemoryUsed.Megabytes:1231.0|#Level:Host,DeviceId:0|#hostname:77f6adad2e94,timestamp:1691143585
2023-08-04T10:06:25,081 - GPUUtilization.Percent:6.0|#Level:Host,DeviceId:0|#hostname:77f6adad2e94,timestamp:1691143585
2023-08-04T10:06:25,081 - MemoryAvailable.Megabytes:10776.60546875|#Level:Host|#hostname:77f6adad2e94,timestamp:1691143585
2023-08-04T10:06:25,082 - MemoryUsed.Megabytes:4642.25|#Level:Host|#hostname:77f6adad2e94,timestamp:1691143585
2023-08-04T10:06:25,082 - MemoryUtilization.Percent:32.0|#Level:Host|#hostname:77f6adad2e94,timestamp:1691143585
2023-08-04T10:07:25,107 - CPUUtilization.Percent:33.3|#Level:Host|#hostname:77f6adad2e94,timestamp:1691143645
2023-08-04T10:07:25,107 - DiskAvailable.Gigabytes:284.1908950805664|#Level:Host|#hostname:77f6adad2e94,timestamp:1691143645
2023-08-04T10:07:25,108 - DiskUsage.Gigabytes:181.86050033569336|#Level:Host|#hostname:77f6adad2e94,timestamp:1691143645
2023-08-04T10:07:25,108 - DiskUtilization.Percent:39.0|#Level:Host|#hostname:77f6adad2e94,timestamp:1691143645
2023-08-04T10:07:25,108 - GPUMemoryUtilization.Percent:19.775390625|#Level:Host,DeviceId:0|#hostname:77f6adad2e94,timestamp:1691143645
2023-08-04T10:07:25,108 - GPUMemoryUsed.Megabytes:1215.0|#Level:Host,DeviceId:0|#hostname:77f6adad2e94,timestamp:1691143645
2023-08-04T10:07:25,109 - GPUUtilization.Percent:5.0|#Level:Host,DeviceId:0|#hostname:77f6adad2e94,timestamp:1691143645
2023-08-04T10:07:25,109 - MemoryAvailable.Megabytes:10972.453125|#Level:Host|#hostname:77f6adad2e94,timestamp:1691143645
2023-08-04T10:07:25,109 - MemoryUsed.Megabytes:4476.75390625|#Level:Host|#hostname:77f6adad2e94,timestamp:1691143645
2023-08-04T10:07:25,109 - MemoryUtilization.Percent:30.7|#Level:Host|#hostname:77f6adad2e94,timestamp:1691143645
